# JRE version: OpenJDK Runtime Environment (8.0_152-b06) (build 1.8.0_152-release-1136-b06)
# Java VM: OpenJDK 64-Bit Server VM (25.152-b06 mixed mode windows-amd64 compressed oops)
Heap:
 PSYoungGen      total 314368K, used 177749K [0x00000000e0000000, 0x00000000f6780000, 0x0000000100000000)
  eden space 293376K, 53% used [0x00000000e0000000,0x00000000e9919d98,0x00000000f1e80000)
  from space 20992K, 99% used [0x00000000f3e00000,0x00000000f527b7e8,0x00000000f5280000)
  to   space 32256K, 0% used [0x00000000f1e80000,0x00000000f1e80000,0x00000000f3e00000)
 ParOldGen       total 106496K, used 77702K [0x00000000a0000000, 0x00000000a6800000, 0x00000000e0000000)
  object space 106496K, 72% used [0x00000000a0000000,0x00000000a4be1be8,0x00000000a6800000)
 Metaspace       used 78032K, capacity 81280K, committed 81536K, reserved 1120256K
  class space    used 10197K, capacity 10879K, committed 10880K, reserved 1048576K
GC Heap History (10 events):
Event: 124.315 GC heap before
{Heap before GC invocations=29 (full 3):
 PSYoungGen      total 165376K, used 144949K [0x00000000e0000000, 0x00000000edd00000, 0x0000000100000000)
  eden space 144896K, 99% used [0x00000000e0000000,0x00000000e8d7d7b0,0x00000000e8d80000)
  from space 20480K, 0% used [0x00000000e8d80000,0x00000000e8d90000,0x00000000ea180000)
  to   space 20480K, 0% used [0x00000000ec900000,0x00000000ec900000,0x00000000edd00000)
 ParOldGen       total 106496K, used 51569K [0x00000000a0000000, 0x00000000a6800000, 0x00000000e0000000)
  object space 106496K, 48% used [0x00000000a0000000,0x00000000a325c460,0x00000000a6800000)
 Metaspace       used 65790K, capacity 67628K, committed 67840K, reserved 1107968K
  class space    used 8750K, capacity 9191K, committed 9216K, reserved 1048576K
Event: 124.335 GC heap after
Heap after GC invocations=29 (full 3):
 PSYoungGen      total 205824K, used 64K [0x00000000e0000000, 0x00000000edd80000, 0x0000000100000000)
  eden space 185344K, 0% used [0x00000000e0000000,0x00000000e0000000,0x00000000eb500000)
  from space 20480K, 0% used [0x00000000ec900000,0x00000000ec910000,0x00000000edd00000)
  to   space 20480K, 0% used [0x00000000eb500000,0x00000000eb500000,0x00000000ec900000)
 ParOldGen       total 106496K, used 51585K [0x00000000a0000000, 0x00000000a6800000, 0x00000000e0000000)
  object space 106496K, 48% used [0x00000000a0000000,0x00000000a3260460,0x00000000a6800000)
 Metaspace       used 65790K, capacity 67628K, committed 67840K, reserved 1107968K
  class space    used 8750K, capacity 9191K, committed 9216K, reserved 1048576K
}
Event: 138.563 GC heap before
{Heap before GC invocations=30 (full 3):
 PSYoungGen      total 205824K, used 185408K [0x00000000e0000000, 0x00000000edd80000, 0x0000000100000000)
  eden space 185344K, 100% used [0x00000000e0000000,0x00000000eb500000,0x00000000eb500000)
  from space 20480K, 0% used [0x00000000ec900000,0x00000000ec910000,0x00000000edd00000)
  to   space 20480K, 0% used [0x00000000eb500000,0x00000000eb500000,0x00000000ec900000)
 ParOldGen       total 106496K, used 51597K [0x00000000a0000000, 0x00000000a6800000, 0x00000000e0000000)
  object space 106496K, 48% used [0x00000000a0000000,0x00000000a32636f8,0x00000000a6800000)
 Metaspace       used 67641K, capacity 69856K, committed 70016K, reserved 1110016K
  class space    used 8959K, capacity 9483K, committed 9600K, reserved 1048576K
Event: 138.604 GC heap after
Heap after GC invocations=30 (full 3):
 PSYoungGen      total 205824K, used 6054K [0x00000000e0000000, 0x00000000f0d80000, 0x0000000100000000)
  eden space 185344K, 0% used [0x00000000e0000000,0x00000000e0000000,0x00000000eb500000)
  from space 20480K, 29% used [0x00000000eb500000,0x00000000ebae9810,0x00000000ec900000)
  to   space 19456K, 0% used [0x00000000efa80000,0x00000000efa80000,0x00000000f0d80000)
 ParOldGen       total 106496K, used 51621K [0x00000000a0000000, 0x00000000a6800000, 0x00000000e0000000)
  object space 106496K, 48% used [0x00000000a0000000,0x00000000a32696f8,0x00000000a6800000)
 Metaspace       used 67641K, capacity 69856K, committed 70016K, reserved 1110016K
  class space    used 8959K, capacity 9483K, committed 9600K, reserved 1048576K
}
Event: 138.623 GC heap before
{Heap before GC invocations=31 (full 3):
 PSYoungGen      total 205824K, used 7399K [0x00000000e0000000, 0x00000000f0d80000, 0x0000000100000000)
  eden space 185344K, 0% used [0x00000000e0000000,0x00000000e01507d0,0x00000000eb500000)
  from space 20480K, 29% used [0x00000000eb500000,0x00000000ebae9810,0x00000000ec900000)
  to   space 19456K, 0% used [0x00000000efa80000,0x00000000efa80000,0x00000000f0d80000)
 ParOldGen       total 106496K, used 51621K [0x00000000a0000000, 0x00000000a6800000, 0x00000000e0000000)
  object space 106496K, 48% used [0x00000000a0000000,0x00000000a32696f8,0x00000000a6800000)
 Metaspace       used 67642K, capacity 69856K, committed 70016K, reserved 1110016K
  class space    used 8959K, capacity 9483K, committed 9600K, reserved 1048576K
Event: 138.669 GC heap after
Heap after GC invocations=31 (full 3):
 PSYoungGen      total 256512K, used 372K [0x00000000e0000000, 0x00000000f0f80000, 0x0000000100000000)
  eden space 237056K, 0% used [0x00000000e0000000,0x00000000e0000000,0x00000000ee780000)
  from space 19456K, 1% used [0x00000000efa80000,0x00000000efadd008,0x00000000f0d80000)
  to   space 19456K, 0% used [0x00000000ee780000,0x00000000ee780000,0x00000000efa80000)
 ParOldGen       total 106496K, used 57545K [0x00000000a0000000, 0x00000000a6800000, 0x00000000e0000000)
  object space 106496K, 54% used [0x00000000a0000000,0x00000000a3832550,0x00000000a6800000)
 Metaspace       used 67642K, capacity 69856K, committed 70016K, reserved 1110016K
  class space    used 8959K, capacity 9483K, committed 9600K, reserved 1048576K
}
Event: 155.910 GC heap before
{Heap before GC invocations=32 (full 3):
 PSYoungGen      total 256512K, used 237428K [0x00000000e0000000, 0x00000000f0f80000, 0x0000000100000000)
  eden space 237056K, 100% used [0x00000000e0000000,0x00000000ee780000,0x00000000ee780000)
  from space 19456K, 1% used [0x00000000efa80000,0x00000000efadd008,0x00000000f0d80000)
  to   space 19456K, 0% used [0x00000000ee780000,0x00000000ee780000,0x00000000efa80000)
 ParOldGen       total 106496K, used 57545K [0x00000000a0000000, 0x00000000a6800000, 0x00000000e0000000)
  object space 106496K, 54% used [0x00000000a0000000,0x00000000a3832550,0x00000000a6800000)
 Metaspace       used 76839K, capacity 80084K, committed 80256K, reserved 1118208K
  class space    used 10083K, capacity 10761K, committed 10880K, reserved 1048576K
Event: 156.011 GC heap after
Heap after GC invocations=32 (full 3):
 PSYoungGen      total 256512K, used 14198K [0x00000000e0000000, 0x00000000f5280000, 0x0000000100000000)
  eden space 237056K, 0% used [0x00000000e0000000,0x00000000e0000000,0x00000000ee780000)
  from space 19456K, 72% used [0x00000000ee780000,0x00000000ef55da50,0x00000000efa80000)
  to   space 20992K, 0% used [0x00000000f3e00000,0x00000000f3e00000,0x00000000f5280000)
 ParOldGen       total 106496K, used 57769K [0x00000000a0000000, 0x00000000a6800000, 0x00000000e0000000)
  object space 106496K, 54% used [0x00000000a0000000,0x00000000a386a728,0x00000000a6800000)
 Metaspace       used 76839K, capacity 80084K, committed 80256K, reserved 1118208K
  class space    used 10083K, capacity 10761K, committed 10880K, reserved 1048576K
}
Event: 164.492 GC heap before
{Heap before GC invocations=33 (full 3):
 PSYoungGen      total 256512K, used 251254K [0x00000000e0000000, 0x00000000f5280000, 0x0000000100000000)
  eden space 237056K, 100% used [0x00000000e0000000,0x00000000ee780000,0x00000000ee780000)
  from space 19456K, 72% used [0x00000000ee780000,0x00000000ef55da50,0x00000000efa80000)
  to   space 20992K, 0% used [0x00000000f3e00000,0x00000000f3e00000,0x00000000f5280000)
 ParOldGen       total 106496K, used 57769K [0x00000000a0000000, 0x00000000a6800000, 0x00000000e0000000)
  object space 106496K, 54% used [0x00000000a0000000,0x00000000a386a728,0x00000000a6800000)
 Metaspace       used 77911K, capacity 81202K, committed 81280K, reserved 1120256K
  class space    used 10193K, capacity 10874K, committed 10880K, reserved 1048576K
Event: 164.602 GC heap after
Heap after GC invocations=33 (full 3):
 PSYoungGen      total 314368K, used 20973K [0x00000000e0000000, 0x00000000f6780000, 0x0000000100000000)
  eden space 293376K, 0% used [0x00000000e0000000,0x00000000e0000000,0x00000000f1e80000)
  from space 20992K, 99% used [0x00000000f3e00000,0x00000000f527b7e8,0x00000000f5280000)
  to   space 32256K, 0% used [0x00000000f1e80000,0x00000000f1e80000,0x00000000f3e00000)
 ParOldGen       total 106496K, used 77702K [0x00000000a0000000, 0x00000000a6800000, 0x00000000e0000000)
  object space 106496K, 72% used [0x00000000a0000000,0x00000000a4be1be8,0x00000000a6800000)
 Metaspace       used 77911K, capacity 81202K, committed 81280K, reserved 1120256K
  class space    used 10193K, capacity 10874K, committed 10880K, reserved 1048576K
}

